2018-05-16T07:37:02+00:00 ERR (3): 
exception 'Exception' with message 'Template file is empty or doesn't exist: porto/css/settings.phtml' in /Users/dthakore/Documents/public_html/magento/app/code/local/Smartwave/Porto/Model/Cssconfig/Generator.php:38
Stack trace:
#0 /Users/dthakore/Documents/public_html/magento/app/code/local/Smartwave/Porto/Model/Cssconfig/Generator.php(24): Smartwave_Porto_Model_Cssconfig_Generator->generateStoreCss('settings', 'focus_en')
#1 /Users/dthakore/Documents/public_html/magento/app/code/local/Smartwave/Porto/Model/Cssconfig/Generator.php(17): Smartwave_Porto_Model_Cssconfig_Generator->generateWebsiteCss('settings', 'focus')
#2 /Users/dthakore/Documents/public_html/magento/app/code/local/Smartwave/Porto/controllers/Adminhtml/DemoController.php(15): Smartwave_Porto_Model_Cssconfig_Generator->generateCss('settings', NULL, NULL)
#3 /Users/dthakore/Documents/public_html/magento/app/code/core/Mage/Core/Controller/Varien/Action.php(418): Smartwave_Porto_Adminhtml_DemoController->importAction()
#4 /Users/dthakore/Documents/public_html/magento/app/code/core/Mage/Core/Controller/Varien/Router/Standard.php(250): Mage_Core_Controller_Varien_Action->dispatch('import')
#5 /Users/dthakore/Documents/public_html/magento/app/code/core/Mage/Core/Controller/Varien/Front.php(172): Mage_Core_Controller_Varien_Router_Standard->match(Object(Mage_Core_Controller_Request_Http))
#6 /Users/dthakore/Documents/public_html/magento/app/code/core/Mage/Core/Model/App.php(354): Mage_Core_Controller_Varien_Front->dispatch()
#7 /Users/dthakore/Documents/public_html/magento/app/Mage.php(684): Mage_Core_Model_App->run(Array)
#8 /Users/dthakore/Documents/public_html/magento/index.php(87): Mage::run('focus', 'website')
#9 {main}
2018-05-16T07:37:02+00:00 ERR (3): 
exception 'Exception' with message 'Template file is empty or doesn't exist: porto/css/settings.phtml' in /Users/dthakore/Documents/public_html/magento/app/code/local/Smartwave/Porto/Model/Cssconfig/Generator.php:38
Stack trace:
#0 /Users/dthakore/Documents/public_html/magento/app/code/local/Smartwave/Porto/Model/Cssconfig/Generator.php(24): Smartwave_Porto_Model_Cssconfig_Generator->generateStoreCss('settings', 'ar')
#1 /Users/dthakore/Documents/public_html/magento/app/code/local/Smartwave/Porto/Model/Cssconfig/Generator.php(17): Smartwave_Porto_Model_Cssconfig_Generator->generateWebsiteCss('settings', 'base')
#2 /Users/dthakore/Documents/public_html/magento/app/code/local/Smartwave/Porto/controllers/Adminhtml/DemoController.php(15): Smartwave_Porto_Model_Cssconfig_Generator->generateCss('settings', NULL, NULL)
#3 /Users/dthakore/Documents/public_html/magento/app/code/core/Mage/Core/Controller/Varien/Action.php(418): Smartwave_Porto_Adminhtml_DemoController->importAction()
#4 /Users/dthakore/Documents/public_html/magento/app/code/core/Mage/Core/Controller/Varien/Router/Standard.php(250): Mage_Core_Controller_Varien_Action->dispatch('import')
#5 /Users/dthakore/Documents/public_html/magento/app/code/core/Mage/Core/Controller/Varien/Front.php(172): Mage_Core_Controller_Varien_Router_Standard->match(Object(Mage_Core_Controller_Request_Http))
#6 /Users/dthakore/Documents/public_html/magento/app/code/core/Mage/Core/Model/App.php(354): Mage_Core_Controller_Varien_Front->dispatch()
#7 /Users/dthakore/Documents/public_html/magento/app/Mage.php(684): Mage_Core_Model_App->run(Array)
#8 /Users/dthakore/Documents/public_html/magento/index.php(87): Mage::run('focus', 'website')
#9 {main}
2018-05-16T07:37:02+00:00 ERR (3): 
exception 'Exception' with message 'Template file is empty or doesn't exist: porto/css/settings.phtml' in /Users/dthakore/Documents/public_html/magento/app/code/local/Smartwave/Porto/Model/Cssconfig/Generator.php:38
Stack trace:
#0 /Users/dthakore/Documents/public_html/magento/app/code/local/Smartwave/Porto/Model/Cssconfig/Generator.php(24): Smartwave_Porto_Model_Cssconfig_Generator->generateStoreCss('settings', 'in_ar')
#1 /Users/dthakore/Documents/public_html/magento/app/code/local/Smartwave/Porto/Model/Cssconfig/Generator.php(17): Smartwave_Porto_Model_Cssconfig_Generator->generateWebsiteCss('settings', 'base')
#2 /Users/dthakore/Documents/public_html/magento/app/code/local/Smartwave/Porto/controllers/Adminhtml/DemoController.php(15): Smartwave_Porto_Model_Cssconfig_Generator->generateCss('settings', NULL, NULL)
#3 /Users/dthakore/Documents/public_html/magento/app/code/core/Mage/Core/Controller/Varien/Action.php(418): Smartwave_Porto_Adminhtml_DemoController->importAction()
#4 /Users/dthakore/Documents/public_html/magento/app/code/core/Mage/Core/Controller/Varien/Router/Standard.php(250): Mage_Core_Controller_Varien_Action->dispatch('import')
#5 /Users/dthakore/Documents/public_html/magento/app/code/core/Mage/Core/Controller/Varien/Front.php(172): Mage_Core_Controller_Varien_Router_Standard->match(Object(Mage_Core_Controller_Request_Http))
#6 /Users/dthakore/Documents/public_html/magento/app/code/core/Mage/Core/Model/App.php(354): Mage_Core_Controller_Varien_Front->dispatch()
#7 /Users/dthakore/Documents/public_html/magento/app/Mage.php(684): Mage_Core_Model_App->run(Array)
#8 /Users/dthakore/Documents/public_html/magento/index.php(87): Mage::run('focus', 'website')
#9 {main}
2018-05-16T07:37:02+00:00 ERR (3): 
exception 'Exception' with message 'Template file is empty or doesn't exist: porto/css/settings.phtml' in /Users/dthakore/Documents/public_html/magento/app/code/local/Smartwave/Porto/Model/Cssconfig/Generator.php:38
Stack trace:
#0 /Users/dthakore/Documents/public_html/magento/app/code/local/Smartwave/Porto/Model/Cssconfig/Generator.php(24): Smartwave_Porto_Model_Cssconfig_Generator->generateStoreCss('settings', 'uae_ar')
#1 /Users/dthakore/Documents/public_html/magento/app/code/local/Smartwave/Porto/Model/Cssconfig/Generator.php(17): Smartwave_Porto_Model_Cssconfig_Generator->generateWebsiteCss('settings', 'base')
#2 /Users/dthakore/Documents/public_html/magento/app/code/local/Smartwave/Porto/controllers/Adminhtml/DemoController.php(15): Smartwave_Porto_Model_Cssconfig_Generator->generateCss('settings', NULL, NULL)
#3 /Users/dthakore/Documents/public_html/magento/app/code/core/Mage/Core/Controller/Varien/Action.php(418): Smartwave_Porto_Adminhtml_DemoController->importAction()
#4 /Users/dthakore/Documents/public_html/magento/app/code/core/Mage/Core/Controller/Varien/Router/Standard.php(250): Mage_Core_Controller_Varien_Action->dispatch('import')
#5 /Users/dthakore/Documents/public_html/magento/app/code/core/Mage/Core/Controller/Varien/Front.php(172): Mage_Core_Controller_Varien_Router_Standard->match(Object(Mage_Core_Controller_Request_Http))
#6 /Users/dthakore/Documents/public_html/magento/app/code/core/Mage/Core/Model/App.php(354): Mage_Core_Controller_Varien_Front->dispatch()
#7 /Users/dthakore/Documents/public_html/magento/app/Mage.php(684): Mage_Core_Model_App->run(Array)
#8 /Users/dthakore/Documents/public_html/magento/index.php(87): Mage::run('focus', 'website')
#9 {main}
2018-05-16T07:37:02+00:00 ERR (3): 
exception 'Exception' with message 'Template file is empty or doesn't exist: porto/css/settings.phtml' in /Users/dthakore/Documents/public_html/magento/app/code/local/Smartwave/Porto/Model/Cssconfig/Generator.php:38
Stack trace:
#0 /Users/dthakore/Documents/public_html/magento/app/code/local/Smartwave/Porto/Model/Cssconfig/Generator.php(24): Smartwave_Porto_Model_Cssconfig_Generator->generateStoreCss('settings', 'en')
#1 /Users/dthakore/Documents/public_html/magento/app/code/local/Smartwave/Porto/Model/Cssconfig/Generator.php(17): Smartwave_Porto_Model_Cssconfig_Generator->generateWebsiteCss('settings', 'base')
#2 /Users/dthakore/Documents/public_html/magento/app/code/local/Smartwave/Porto/controllers/Adminhtml/DemoController.php(15): Smartwave_Porto_Model_Cssconfig_Generator->generateCss('settings', NULL, NULL)
#3 /Users/dthakore/Documents/public_html/magento/app/code/core/Mage/Core/Controller/Varien/Action.php(418): Smartwave_Porto_Adminhtml_DemoController->importAction()
#4 /Users/dthakore/Documents/public_html/magento/app/code/core/Mage/Core/Controller/Varien/Router/Standard.php(250): Mage_Core_Controller_Varien_Action->dispatch('import')
#5 /Users/dthakore/Documents/public_html/magento/app/code/core/Mage/Core/Controller/Varien/Front.php(172): Mage_Core_Controller_Varien_Router_Standard->match(Object(Mage_Core_Controller_Request_Http))
#6 /Users/dthakore/Documents/public_html/magento/app/code/core/Mage/Core/Model/App.php(354): Mage_Core_Controller_Varien_Front->dispatch()
#7 /Users/dthakore/Documents/public_html/magento/app/Mage.php(684): Mage_Core_Model_App->run(Array)
#8 /Users/dthakore/Documents/public_html/magento/index.php(87): Mage::run('focus', 'website')
#9 {main}
2018-05-16T07:37:02+00:00 ERR (3): 
exception 'Exception' with message 'Template file is empty or doesn't exist: porto/css/settings.phtml' in /Users/dthakore/Documents/public_html/magento/app/code/local/Smartwave/Porto/Model/Cssconfig/Generator.php:38
Stack trace:
#0 /Users/dthakore/Documents/public_html/magento/app/code/local/Smartwave/Porto/Model/Cssconfig/Generator.php(24): Smartwave_Porto_Model_Cssconfig_Generator->generateStoreCss('settings', 'in_en')
#1 /Users/dthakore/Documents/public_html/magento/app/code/local/Smartwave/Porto/Model/Cssconfig/Generator.php(17): Smartwave_Porto_Model_Cssconfig_Generator->generateWebsiteCss('settings', 'base')
#2 /Users/dthakore/Documents/public_html/magento/app/code/local/Smartwave/Porto/controllers/Adminhtml/DemoController.php(15): Smartwave_Porto_Model_Cssconfig_Generator->generateCss('settings', NULL, NULL)
#3 /Users/dthakore/Documents/public_html/magento/app/code/core/Mage/Core/Controller/Varien/Action.php(418): Smartwave_Porto_Adminhtml_DemoController->importAction()
#4 /Users/dthakore/Documents/public_html/magento/app/code/core/Mage/Core/Controller/Varien/Router/Standard.php(250): Mage_Core_Controller_Varien_Action->dispatch('import')
#5 /Users/dthakore/Documents/public_html/magento/app/code/core/Mage/Core/Controller/Varien/Front.php(172): Mage_Core_Controller_Varien_Router_Standard->match(Object(Mage_Core_Controller_Request_Http))
#6 /Users/dthakore/Documents/public_html/magento/app/code/core/Mage/Core/Model/App.php(354): Mage_Core_Controller_Varien_Front->dispatch()
#7 /Users/dthakore/Documents/public_html/magento/app/Mage.php(684): Mage_Core_Model_App->run(Array)
#8 /Users/dthakore/Documents/public_html/magento/index.php(87): Mage::run('focus', 'website')
#9 {main}
2018-05-16T07:37:02+00:00 ERR (3): 
exception 'Exception' with message 'Template file is empty or doesn't exist: porto/css/settings.phtml' in /Users/dthakore/Documents/public_html/magento/app/code/local/Smartwave/Porto/Model/Cssconfig/Generator.php:38
Stack trace:
#0 /Users/dthakore/Documents/public_html/magento/app/code/local/Smartwave/Porto/Model/Cssconfig/Generator.php(24): Smartwave_Porto_Model_Cssconfig_Generator->generateStoreCss('settings', 'uae_en')
#1 /Users/dthakore/Documents/public_html/magento/app/code/local/Smartwave/Porto/Model/Cssconfig/Generator.php(17): Smartwave_Porto_Model_Cssconfig_Generator->generateWebsiteCss('settings', 'base')
#2 /Users/dthakore/Documents/public_html/magento/app/code/local/Smartwave/Porto/controllers/Adminhtml/DemoController.php(15): Smartwave_Porto_Model_Cssconfig_Generator->generateCss('settings', NULL, NULL)
#3 /Users/dthakore/Documents/public_html/magento/app/code/core/Mage/Core/Controller/Varien/Action.php(418): Smartwave_Porto_Adminhtml_DemoController->importAction()
#4 /Users/dthakore/Documents/public_html/magento/app/code/core/Mage/Core/Controller/Varien/Router/Standard.php(250): Mage_Core_Controller_Varien_Action->dispatch('import')
#5 /Users/dthakore/Documents/public_html/magento/app/code/core/Mage/Core/Controller/Varien/Front.php(172): Mage_Core_Controller_Varien_Router_Standard->match(Object(Mage_Core_Controller_Request_Http))
#6 /Users/dthakore/Documents/public_html/magento/app/code/core/Mage/Core/Model/App.php(354): Mage_Core_Controller_Varien_Front->dispatch()
#7 /Users/dthakore/Documents/public_html/magento/app/Mage.php(684): Mage_Core_Model_App->run(Array)
#8 /Users/dthakore/Documents/public_html/magento/index.php(87): Mage::run('focus', 'website')
#9 {main}
2018-05-16T07:37:02+00:00 ERR (3): 
exception 'Exception' with message 'Template file is empty or doesn't exist: porto/css/design.phtml' in /Users/dthakore/Documents/public_html/magento/app/code/local/Smartwave/Porto/Model/Cssconfig/Generator.php:38
Stack trace:
#0 /Users/dthakore/Documents/public_html/magento/app/code/local/Smartwave/Porto/Model/Cssconfig/Generator.php(24): Smartwave_Porto_Model_Cssconfig_Generator->generateStoreCss('design', 'focus_en')
#1 /Users/dthakore/Documents/public_html/magento/app/code/local/Smartwave/Porto/Model/Cssconfig/Generator.php(17): Smartwave_Porto_Model_Cssconfig_Generator->generateWebsiteCss('design', 'focus')
#2 /Users/dthakore/Documents/public_html/magento/app/code/local/Smartwave/Porto/controllers/Adminhtml/DemoController.php(16): Smartwave_Porto_Model_Cssconfig_Generator->generateCss('design', NULL, NULL)
#3 /Users/dthakore/Documents/public_html/magento/app/code/core/Mage/Core/Controller/Varien/Action.php(418): Smartwave_Porto_Adminhtml_DemoController->importAction()
#4 /Users/dthakore/Documents/public_html/magento/app/code/core/Mage/Core/Controller/Varien/Router/Standard.php(250): Mage_Core_Controller_Varien_Action->dispatch('import')
#5 /Users/dthakore/Documents/public_html/magento/app/code/core/Mage/Core/Controller/Varien/Front.php(172): Mage_Core_Controller_Varien_Router_Standard->match(Object(Mage_Core_Controller_Request_Http))
#6 /Users/dthakore/Documents/public_html/magento/app/code/core/Mage/Core/Model/App.php(354): Mage_Core_Controller_Varien_Front->dispatch()
#7 /Users/dthakore/Documents/public_html/magento/app/Mage.php(684): Mage_Core_Model_App->run(Array)
#8 /Users/dthakore/Documents/public_html/magento/index.php(87): Mage::run('focus', 'website')
#9 {main}
2018-05-16T07:37:02+00:00 ERR (3): 
exception 'Exception' with message 'Template file is empty or doesn't exist: porto/css/design.phtml' in /Users/dthakore/Documents/public_html/magento/app/code/local/Smartwave/Porto/Model/Cssconfig/Generator.php:38
Stack trace:
#0 /Users/dthakore/Documents/public_html/magento/app/code/local/Smartwave/Porto/Model/Cssconfig/Generator.php(24): Smartwave_Porto_Model_Cssconfig_Generator->generateStoreCss('design', 'ar')
#1 /Users/dthakore/Documents/public_html/magento/app/code/local/Smartwave/Porto/Model/Cssconfig/Generator.php(17): Smartwave_Porto_Model_Cssconfig_Generator->generateWebsiteCss('design', 'base')
#2 /Users/dthakore/Documents/public_html/magento/app/code/local/Smartwave/Porto/controllers/Adminhtml/DemoController.php(16): Smartwave_Porto_Model_Cssconfig_Generator->generateCss('design', NULL, NULL)
#3 /Users/dthakore/Documents/public_html/magento/app/code/core/Mage/Core/Controller/Varien/Action.php(418): Smartwave_Porto_Adminhtml_DemoController->importAction()
#4 /Users/dthakore/Documents/public_html/magento/app/code/core/Mage/Core/Controller/Varien/Router/Standard.php(250): Mage_Core_Controller_Varien_Action->dispatch('import')
#5 /Users/dthakore/Documents/public_html/magento/app/code/core/Mage/Core/Controller/Varien/Front.php(172): Mage_Core_Controller_Varien_Router_Standard->match(Object(Mage_Core_Controller_Request_Http))
#6 /Users/dthakore/Documents/public_html/magento/app/code/core/Mage/Core/Model/App.php(354): Mage_Core_Controller_Varien_Front->dispatch()
#7 /Users/dthakore/Documents/public_html/magento/app/Mage.php(684): Mage_Core_Model_App->run(Array)
#8 /Users/dthakore/Documents/public_html/magento/index.php(87): Mage::run('focus', 'website')
#9 {main}
2018-05-16T07:37:02+00:00 ERR (3): 
exception 'Exception' with message 'Template file is empty or doesn't exist: porto/css/design.phtml' in /Users/dthakore/Documents/public_html/magento/app/code/local/Smartwave/Porto/Model/Cssconfig/Generator.php:38
Stack trace:
#0 /Users/dthakore/Documents/public_html/magento/app/code/local/Smartwave/Porto/Model/Cssconfig/Generator.php(24): Smartwave_Porto_Model_Cssconfig_Generator->generateStoreCss('design', 'in_ar')
#1 /Users/dthakore/Documents/public_html/magento/app/code/local/Smartwave/Porto/Model/Cssconfig/Generator.php(17): Smartwave_Porto_Model_Cssconfig_Generator->generateWebsiteCss('design', 'base')
#2 /Users/dthakore/Documents/public_html/magento/app/code/local/Smartwave/Porto/controllers/Adminhtml/DemoController.php(16): Smartwave_Porto_Model_Cssconfig_Generator->generateCss('design', NULL, NULL)
#3 /Users/dthakore/Documents/public_html/magento/app/code/core/Mage/Core/Controller/Varien/Action.php(418): Smartwave_Porto_Adminhtml_DemoController->importAction()
#4 /Users/dthakore/Documents/public_html/magento/app/code/core/Mage/Core/Controller/Varien/Router/Standard.php(250): Mage_Core_Controller_Varien_Action->dispatch('import')
#5 /Users/dthakore/Documents/public_html/magento/app/code/core/Mage/Core/Controller/Varien/Front.php(172): Mage_Core_Controller_Varien_Router_Standard->match(Object(Mage_Core_Controller_Request_Http))
#6 /Users/dthakore/Documents/public_html/magento/app/code/core/Mage/Core/Model/App.php(354): Mage_Core_Controller_Varien_Front->dispatch()
#7 /Users/dthakore/Documents/public_html/magento/app/Mage.php(684): Mage_Core_Model_App->run(Array)
#8 /Users/dthakore/Documents/public_html/magento/index.php(87): Mage::run('focus', 'website')
#9 {main}
2018-05-16T07:37:02+00:00 ERR (3): 
exception 'Exception' with message 'Template file is empty or doesn't exist: porto/css/design.phtml' in /Users/dthakore/Documents/public_html/magento/app/code/local/Smartwave/Porto/Model/Cssconfig/Generator.php:38
Stack trace:
#0 /Users/dthakore/Documents/public_html/magento/app/code/local/Smartwave/Porto/Model/Cssconfig/Generator.php(24): Smartwave_Porto_Model_Cssconfig_Generator->generateStoreCss('design', 'uae_ar')
#1 /Users/dthakore/Documents/public_html/magento/app/code/local/Smartwave/Porto/Model/Cssconfig/Generator.php(17): Smartwave_Porto_Model_Cssconfig_Generator->generateWebsiteCss('design', 'base')
#2 /Users/dthakore/Documents/public_html/magento/app/code/local/Smartwave/Porto/controllers/Adminhtml/DemoController.php(16): Smartwave_Porto_Model_Cssconfig_Generator->generateCss('design', NULL, NULL)
#3 /Users/dthakore/Documents/public_html/magento/app/code/core/Mage/Core/Controller/Varien/Action.php(418): Smartwave_Porto_Adminhtml_DemoController->importAction()
#4 /Users/dthakore/Documents/public_html/magento/app/code/core/Mage/Core/Controller/Varien/Router/Standard.php(250): Mage_Core_Controller_Varien_Action->dispatch('import')
#5 /Users/dthakore/Documents/public_html/magento/app/code/core/Mage/Core/Controller/Varien/Front.php(172): Mage_Core_Controller_Varien_Router_Standard->match(Object(Mage_Core_Controller_Request_Http))
#6 /Users/dthakore/Documents/public_html/magento/app/code/core/Mage/Core/Model/App.php(354): Mage_Core_Controller_Varien_Front->dispatch()
#7 /Users/dthakore/Documents/public_html/magento/app/Mage.php(684): Mage_Core_Model_App->run(Array)
#8 /Users/dthakore/Documents/public_html/magento/index.php(87): Mage::run('focus', 'website')
#9 {main}
2018-05-16T07:37:02+00:00 ERR (3): 
exception 'Exception' with message 'Template file is empty or doesn't exist: porto/css/design.phtml' in /Users/dthakore/Documents/public_html/magento/app/code/local/Smartwave/Porto/Model/Cssconfig/Generator.php:38
Stack trace:
#0 /Users/dthakore/Documents/public_html/magento/app/code/local/Smartwave/Porto/Model/Cssconfig/Generator.php(24): Smartwave_Porto_Model_Cssconfig_Generator->generateStoreCss('design', 'en')
#1 /Users/dthakore/Documents/public_html/magento/app/code/local/Smartwave/Porto/Model/Cssconfig/Generator.php(17): Smartwave_Porto_Model_Cssconfig_Generator->generateWebsiteCss('design', 'base')
#2 /Users/dthakore/Documents/public_html/magento/app/code/local/Smartwave/Porto/controllers/Adminhtml/DemoController.php(16): Smartwave_Porto_Model_Cssconfig_Generator->generateCss('design', NULL, NULL)
#3 /Users/dthakore/Documents/public_html/magento/app/code/core/Mage/Core/Controller/Varien/Action.php(418): Smartwave_Porto_Adminhtml_DemoController->importAction()
#4 /Users/dthakore/Documents/public_html/magento/app/code/core/Mage/Core/Controller/Varien/Router/Standard.php(250): Mage_Core_Controller_Varien_Action->dispatch('import')
#5 /Users/dthakore/Documents/public_html/magento/app/code/core/Mage/Core/Controller/Varien/Front.php(172): Mage_Core_Controller_Varien_Router_Standard->match(Object(Mage_Core_Controller_Request_Http))
#6 /Users/dthakore/Documents/public_html/magento/app/code/core/Mage/Core/Model/App.php(354): Mage_Core_Controller_Varien_Front->dispatch()
#7 /Users/dthakore/Documents/public_html/magento/app/Mage.php(684): Mage_Core_Model_App->run(Array)
#8 /Users/dthakore/Documents/public_html/magento/index.php(87): Mage::run('focus', 'website')
#9 {main}
2018-05-16T07:37:02+00:00 ERR (3): 
exception 'Exception' with message 'Template file is empty or doesn't exist: porto/css/design.phtml' in /Users/dthakore/Documents/public_html/magento/app/code/local/Smartwave/Porto/Model/Cssconfig/Generator.php:38
Stack trace:
#0 /Users/dthakore/Documents/public_html/magento/app/code/local/Smartwave/Porto/Model/Cssconfig/Generator.php(24): Smartwave_Porto_Model_Cssconfig_Generator->generateStoreCss('design', 'in_en')
#1 /Users/dthakore/Documents/public_html/magento/app/code/local/Smartwave/Porto/Model/Cssconfig/Generator.php(17): Smartwave_Porto_Model_Cssconfig_Generator->generateWebsiteCss('design', 'base')
#2 /Users/dthakore/Documents/public_html/magento/app/code/local/Smartwave/Porto/controllers/Adminhtml/DemoController.php(16): Smartwave_Porto_Model_Cssconfig_Generator->generateCss('design', NULL, NULL)
#3 /Users/dthakore/Documents/public_html/magento/app/code/core/Mage/Core/Controller/Varien/Action.php(418): Smartwave_Porto_Adminhtml_DemoController->importAction()
#4 /Users/dthakore/Documents/public_html/magento/app/code/core/Mage/Core/Controller/Varien/Router/Standard.php(250): Mage_Core_Controller_Varien_Action->dispatch('import')
#5 /Users/dthakore/Documents/public_html/magento/app/code/core/Mage/Core/Controller/Varien/Front.php(172): Mage_Core_Controller_Varien_Router_Standard->match(Object(Mage_Core_Controller_Request_Http))
#6 /Users/dthakore/Documents/public_html/magento/app/code/core/Mage/Core/Model/App.php(354): Mage_Core_Controller_Varien_Front->dispatch()
#7 /Users/dthakore/Documents/public_html/magento/app/Mage.php(684): Mage_Core_Model_App->run(Array)
#8 /Users/dthakore/Documents/public_html/magento/index.php(87): Mage::run('focus', 'website')
#9 {main}
2018-05-16T07:37:02+00:00 ERR (3): 
exception 'Exception' with message 'Template file is empty or doesn't exist: porto/css/design.phtml' in /Users/dthakore/Documents/public_html/magento/app/code/local/Smartwave/Porto/Model/Cssconfig/Generator.php:38
Stack trace:
#0 /Users/dthakore/Documents/public_html/magento/app/code/local/Smartwave/Porto/Model/Cssconfig/Generator.php(24): Smartwave_Porto_Model_Cssconfig_Generator->generateStoreCss('design', 'uae_en')
#1 /Users/dthakore/Documents/public_html/magento/app/code/local/Smartwave/Porto/Model/Cssconfig/Generator.php(17): Smartwave_Porto_Model_Cssconfig_Generator->generateWebsiteCss('design', 'base')
#2 /Users/dthakore/Documents/public_html/magento/app/code/local/Smartwave/Porto/controllers/Adminhtml/DemoController.php(16): Smartwave_Porto_Model_Cssconfig_Generator->generateCss('design', NULL, NULL)
#3 /Users/dthakore/Documents/public_html/magento/app/code/core/Mage/Core/Controller/Varien/Action.php(418): Smartwave_Porto_Adminhtml_DemoController->importAction()
#4 /Users/dthakore/Documents/public_html/magento/app/code/core/Mage/Core/Controller/Varien/Router/Standard.php(250): Mage_Core_Controller_Varien_Action->dispatch('import')
#5 /Users/dthakore/Documents/public_html/magento/app/code/core/Mage/Core/Controller/Varien/Front.php(172): Mage_Core_Controller_Varien_Router_Standard->match(Object(Mage_Core_Controller_Request_Http))
#6 /Users/dthakore/Documents/public_html/magento/app/code/core/Mage/Core/Model/App.php(354): Mage_Core_Controller_Varien_Front->dispatch()
#7 /Users/dthakore/Documents/public_html/magento/app/Mage.php(684): Mage_Core_Model_App->run(Array)
#8 /Users/dthakore/Documents/public_html/magento/index.php(87): Mage::run('focus', 'website')
#9 {main}
2018-05-16T09:39:11+00:00 ERR (3): 
exception 'PDOException' with message 'SQLSTATE[23000]: Integrity constraint violation: 1062 Duplicate entry '800000001' for key 'UNQ_SALES_FLAT_ORDER_INCREMENT_ID'' in /Users/dthakore/Documents/public_html/magento/lib/Zend/Db/Statement/Pdo.php:228
Stack trace:
#0 /Users/dthakore/Documents/public_html/magento/lib/Zend/Db/Statement/Pdo.php(228): PDOStatement->execute(Array)
#1 /Users/dthakore/Documents/public_html/magento/lib/Varien/Db/Statement/Pdo/Mysql.php(110): Zend_Db_Statement_Pdo->_execute(Array)
#2 /Users/dthakore/Documents/public_html/magento/app/code/core/Zend/Db/Statement.php(291): Varien_Db_Statement_Pdo_Mysql->_execute(Array)
#3 /Users/dthakore/Documents/public_html/magento/lib/Zend/Db/Adapter/Abstract.php(480): Zend_Db_Statement->execute(Array)
#4 /Users/dthakore/Documents/public_html/magento/lib/Zend/Db/Adapter/Pdo/Abstract.php(238): Zend_Db_Adapter_Abstract->query('INSERT INTO `sa...', Array)
#5 /Users/dthakore/Documents/public_html/magento/lib/Varien/Db/Adapter/Pdo/Mysql.php(428): Zend_Db_Adapter_Pdo_Abstract->query('INSERT INTO `sa...', Array)
#6 /Users/dthakore/Documents/public_html/magento/lib/Zend/Db/Adapter/Abstract.php(576): Varien_Db_Adapter_Pdo_Mysql->query('INSERT INTO `sa...', Array)
#7 /Users/dthakore/Documents/public_html/magento/app/code/core/Mage/Core/Model/Resource/Db/Abstract.php(453): Zend_Db_Adapter_Abstract->insert('sales_flat_orde...', Array)
#8 /Users/dthakore/Documents/public_html/magento/app/code/core/Mage/Sales/Model/Resource/Order/Abstract.php(425): Mage_Core_Model_Resource_Db_Abstract->save(Object(Mage_Sales_Model_Order))
#9 /Users/dthakore/Documents/public_html/magento/app/code/core/Mage/Core/Model/Abstract.php(318): Mage_Sales_Model_Resource_Order_Abstract->save(Object(Mage_Sales_Model_Order))
#10 /Users/dthakore/Documents/public_html/magento/app/code/core/Mage/Core/Model/Resource/Transaction.php(151): Mage_Core_Model_Abstract->save()
#11 /Users/dthakore/Documents/public_html/magento/app/code/core/Mage/Sales/Model/Service/Quote.php(189): Mage_Core_Model_Resource_Transaction->save()
#12 /Users/dthakore/Documents/public_html/magento/app/code/core/Mage/Sales/Model/Service/Quote.php(249): Mage_Sales_Model_Service_Quote->submitOrder()
#13 /Users/dthakore/Documents/public_html/magento/app/code/core/Mage/Checkout/Model/Type/Onepage.php(785): Mage_Sales_Model_Service_Quote->submitAll()
#14 /Users/dthakore/Documents/public_html/magento/app/code/core/Mage/Checkout/controllers/OnepageController.php(579): Mage_Checkout_Model_Type_Onepage->saveOrder()
#15 /Users/dthakore/Documents/public_html/magento/app/code/core/Mage/Core/Controller/Varien/Action.php(418): Mage_Checkout_OnepageController->saveOrderAction()
#16 /Users/dthakore/Documents/public_html/magento/app/code/core/Mage/Core/Controller/Varien/Router/Standard.php(250): Mage_Core_Controller_Varien_Action->dispatch('saveOrder')
#17 /Users/dthakore/Documents/public_html/magento/app/code/core/Mage/Core/Controller/Varien/Front.php(172): Mage_Core_Controller_Varien_Router_Standard->match(Object(Mage_Core_Controller_Request_Http))
#18 /Users/dthakore/Documents/public_html/magento/app/code/core/Mage/Core/Model/App.php(354): Mage_Core_Controller_Varien_Front->dispatch()
#19 /Users/dthakore/Documents/public_html/magento/app/Mage.php(684): Mage_Core_Model_App->run(Array)
#20 /Users/dthakore/Documents/public_html/magento/index.php(87): Mage::run('focus', 'website')
#21 {main}

Next exception 'Zend_Db_Statement_Exception' with message 'SQLSTATE[23000]: Integrity constraint violation: 1062 Duplicate entry '800000001' for key 'UNQ_SALES_FLAT_ORDER_INCREMENT_ID'' in /Users/dthakore/Documents/public_html/magento/lib/Zend/Db/Statement/Pdo.php:234
Stack trace:
#0 /Users/dthakore/Documents/public_html/magento/lib/Varien/Db/Statement/Pdo/Mysql.php(110): Zend_Db_Statement_Pdo->_execute(Array)
#1 /Users/dthakore/Documents/public_html/magento/app/code/core/Zend/Db/Statement.php(291): Varien_Db_Statement_Pdo_Mysql->_execute(Array)
#2 /Users/dthakore/Documents/public_html/magento/lib/Zend/Db/Adapter/Abstract.php(480): Zend_Db_Statement->execute(Array)
#3 /Users/dthakore/Documents/public_html/magento/lib/Zend/Db/Adapter/Pdo/Abstract.php(238): Zend_Db_Adapter_Abstract->query('INSERT INTO `sa...', Array)
#4 /Users/dthakore/Documents/public_html/magento/lib/Varien/Db/Adapter/Pdo/Mysql.php(428): Zend_Db_Adapter_Pdo_Abstract->query('INSERT INTO `sa...', Array)
#5 /Users/dthakore/Documents/public_html/magento/lib/Zend/Db/Adapter/Abstract.php(576): Varien_Db_Adapter_Pdo_Mysql->query('INSERT INTO `sa...', Array)
#6 /Users/dthakore/Documents/public_html/magento/app/code/core/Mage/Core/Model/Resource/Db/Abstract.php(453): Zend_Db_Adapter_Abstract->insert('sales_flat_orde...', Array)
#7 /Users/dthakore/Documents/public_html/magento/app/code/core/Mage/Sales/Model/Resource/Order/Abstract.php(425): Mage_Core_Model_Resource_Db_Abstract->save(Object(Mage_Sales_Model_Order))
#8 /Users/dthakore/Documents/public_html/magento/app/code/core/Mage/Core/Model/Abstract.php(318): Mage_Sales_Model_Resource_Order_Abstract->save(Object(Mage_Sales_Model_Order))
#9 /Users/dthakore/Documents/public_html/magento/app/code/core/Mage/Core/Model/Resource/Transaction.php(151): Mage_Core_Model_Abstract->save()
#10 /Users/dthakore/Documents/public_html/magento/app/code/core/Mage/Sales/Model/Service/Quote.php(189): Mage_Core_Model_Resource_Transaction->save()
#11 /Users/dthakore/Documents/public_html/magento/app/code/core/Mage/Sales/Model/Service/Quote.php(249): Mage_Sales_Model_Service_Quote->submitOrder()
#12 /Users/dthakore/Documents/public_html/magento/app/code/core/Mage/Checkout/Model/Type/Onepage.php(785): Mage_Sales_Model_Service_Quote->submitAll()
#13 /Users/dthakore/Documents/public_html/magento/app/code/core/Mage/Checkout/controllers/OnepageController.php(579): Mage_Checkout_Model_Type_Onepage->saveOrder()
#14 /Users/dthakore/Documents/public_html/magento/app/code/core/Mage/Core/Controller/Varien/Action.php(418): Mage_Checkout_OnepageController->saveOrderAction()
#15 /Users/dthakore/Documents/public_html/magento/app/code/core/Mage/Core/Controller/Varien/Router/Standard.php(250): Mage_Core_Controller_Varien_Action->dispatch('saveOrder')
#16 /Users/dthakore/Documents/public_html/magento/app/code/core/Mage/Core/Controller/Varien/Front.php(172): Mage_Core_Controller_Varien_Router_Standard->match(Object(Mage_Core_Controller_Request_Http))
#17 /Users/dthakore/Documents/public_html/magento/app/code/core/Mage/Core/Model/App.php(354): Mage_Core_Controller_Varien_Front->dispatch()
#18 /Users/dthakore/Documents/public_html/magento/app/Mage.php(684): Mage_Core_Model_App->run(Array)
#19 /Users/dthakore/Documents/public_html/magento/index.php(87): Mage::run('focus', 'website')
#20 {main}
